total 46
drwxrwxr-x+  54 root  admin         1836 Oct 28 18:14 Applications
drwxr-xr-x+  60 root  wheel         2040 May 10  2018 Library
drwxr-xr-x@   2 root  wheel           68 Feb 21  2017 Network
drwxr-xr-x@   4 root  wheel          136 May 10  2018 System
drwxr-xr-x  129 root  admin         4386 Oct 31 08:26 Users
drwxr-xr-x@   4 root  wheel          136 Oct 31 13:57 Volumes
drwxr-xr-x   25 root  wheel          850 Oct  8 11:38 anaconda3
drwxr-xr-x@  39 root  wheel         1326 May 10  2018 bin
drwxrwxr-t@   2 root  admin           68 Feb 21  2017 cores
dr-xr-xr-x    3 root  wheel         4949 Oct 31 13:57 dev
lrwxr-xr-x@   1 root  wheel           11 May  9  2018 etc -> private/etc
drwx------   22 exam  applications   748 Aug 30 16:10 exam
d-wxrwS--t    8 root  wheel          272 Apr  1  2019 goinfre
dr-xr-xr-x    2 root  wheel            1 Oct 31 15:42 home
-rw-r--r--@   1 root  wheel          313 Dec 22  2016 installer.failurerequests
dr-xr-xr-x    2 root  wheel            1 Oct 31 15:42 net
drwxr-xr-x@   6 root  wheel          204 May  9  2018 private
drwxr-xr-x@  63 root  wheel         2142 May 10  2018 sbin
lrwxr-xr-x@   1 root  wheel           11 May  9  2018 tmp -> private/tmp
drwxr-xr-x@  10 root  wheel          340 May 10  2018 usr
lrwxr-xr-x@   1 root  wheel           11 May  9  2018 var -> private/var
